<?xml version="1.0" encoding="UTF-8"?>
<!-- Generated by org.testng.reporters.JUnitReportReporter -->
<testsuite skipped="0" hostname="TYSS-Sudhakar" name="com.aajtak.android.HomeScreen.TC_AT_HomeScreen_001" tests="1" failures="0" timestamp="23 Aug 2022 13:53:20 GMT" time="15.163" errors="0">
  <testcase name="AT_Home_001" time="15.163" classname="com.aajtak.android.HomeScreen.TC_AT_HomeScreen_001"/>
</testsuite> <!-- com.aajtak.android.HomeScreen.TC_AT_HomeScreen_001 -->
